<?xml version="1.0" encoding="UTF-8"?>
<testsuite name="ghost.AmbusherTest" tests="1" skipped="0" failures="0" errors="0" timestamp="2020-11-20T01:44:39" hostname="vlan-2644-10-16-180-245.student.wireless.sydney.edu.au" time="0.002">
  <properties/>
  <testcase name="generateVectorsTest()" classname="ghost.AmbusherTest" time="0.002"/>
  <system-out><![CDATA[]]></system-out>
  <system-err><![CDATA[]]></system-err>
</testsuite>
