<?xml version="1.0" encoding="UTF-8"?>
<testsuite name="ghost.MovableTest" tests="5" skipped="0" failures="0" errors="0" timestamp="2020-11-20T01:44:39" hostname="vlan-2644-10-16-180-245.student.wireless.sydney.edu.au" time="0.013">
  <properties/>
  <testcase name="getVelocityTest()" classname="ghost.MovableTest" time="0.007"/>
  <testcase name="collideWallTestAboveAndBelow()" classname="ghost.MovableTest" time="0.001"/>
  <testcase name="collideWallTestLeftAndRight()" classname="ghost.MovableTest" time="0.001"/>
  <testcase name="wallAboveAndBelowTest()" classname="ghost.MovableTest" time="0.0"/>
  <testcase name="wallOnLeftAndRightTest()" classname="ghost.MovableTest" time="0.0"/>
  <system-out><![CDATA[97
]]></system-out>
  <system-err><![CDATA[]]></system-err>
</testsuite>
