<?xml version="1.0" encoding="UTF-8"?>
<testsuite name="ghost.SuperFruitTest" tests="1" skipped="0" failures="0" errors="0" timestamp="2020-11-20T01:44:39" hostname="vlan-2644-10-16-180-245.student.wireless.sydney.edu.au" time="0.011">
  <properties/>
  <testcase name="drawTest()" classname="ghost.SuperFruitTest" time="0.011"/>
  <system-out><![CDATA[]]></system-out>
  <system-err><![CDATA[]]></system-err>
</testsuite>
