<?xml version="1.0" encoding="UTF-8"?>
<testsuite name="ghost.GameManagerTest" tests="3" skipped="0" failures="0" errors="0" timestamp="2020-11-16T05:11:10" hostname="vlan-2644-10-16-180-245.student.wireless.sydney.edu.au" time="0.008">
  <properties/>
  <testcase name="constructorTest()" classname="ghost.GameManagerTest" time="0.0"/>
  <testcase name="setUpTest()" classname="ghost.GameManagerTest" time="0.003"/>
  <testcase name="tickTest()" classname="ghost.GameManagerTest" time="0.003"/>
  <system-out><![CDATA[]]></system-out>
  <system-err><![CDATA[]]></system-err>
</testsuite>
