<?xml version="1.0" encoding="UTF-8"?>
<testsuite name="ghost.WallTest" tests="1" skipped="0" failures="0" errors="0" timestamp="2020-10-29T07:54:49" hostname="vlan-2644-10-16-180-245.student.wireless.sydney.edu.au" time="0.001">
  <properties/>
  <testcase name="constructorTest()" classname="ghost.WallTest" time="0.001"/>
  <system-out><![CDATA[]]></system-out>
  <system-err><![CDATA[]]></system-err>
</testsuite>
