<?xml version="1.0" encoding="UTF-8"?>
<testsuite name="ghost.AppTest" tests="1" skipped="0" failures="0" errors="0" timestamp="2020-10-29T07:54:49" hostname="vlan-2644-10-16-180-245.student.wireless.sydney.edu.au" time="0.06">
  <properties/>
  <testcase name="simpleTest()" classname="ghost.AppTest" time="0.06"/>
  <system-out><![CDATA[]]></system-out>
  <system-err><![CDATA[]]></system-err>
</testsuite>
