<?xml version="1.0" encoding="UTF-8"?>
<testsuite name="ghost.WakaTest" tests="1" skipped="0" failures="0" errors="0" timestamp="2020-11-16T05:11:10" hostname="vlan-2644-10-16-180-245.student.wireless.sydney.edu.au" time="0.026">
  <properties/>
  <testcase name="wakaMoveTest()" classname="ghost.WakaTest" time="0.026"/>
  <system-out><![CDATA[]]></system-out>
  <system-err><![CDATA[]]></system-err>
</testsuite>
